<?xml version="1.0" encoding="UTF-8"?>
<testsuite xmlns:xsi="http://www.w3.org/2001/XMLSchema-instance" xsi:noNamespaceSchemaLocation="https://maven.apache.org/surefire/maven-surefire-plugin/xsd/surefire-test-report-3.0.xsd" version="3.0" name="com.poc.cqrs.CqrsIntegrationTest" time="1.803" tests="5" errors="0" skipped="0" failures="0">
  <properties>
[...]
</properties>
  <testcase name="updateCommand_shouldUpdateReadModel" classname="com.poc.cqrs.CqrsIntegrationTest" time="0.312">
    <system-out><![CDATA[11:27:59.936 [main] INFO org.springframework.test.context.support.AnnotationConfigContextLoaderUtils -- Could not detect default configuration classes for test class [com.poc.cqrs.CqrsIntegrationTest]: CqrsIntegrationTest does not declare any static, non-private, non-final, nested classes annotated with @Configuration.
11:27:59.967 [main] INFO org.springframework.boot.test.context.SpringBootTestContextBootstrapper -- Found @SpringBootConfiguration com.poc.cqrs.CqrsApplication for test class com.poc.cqrs.CqrsIntegrationTest

  .   ____          _            __ _ _
 /\\ / ___'_ __ _ _(_)_ __  __ _ \ \ \ \
( ( )\___ | '_ | '_| | '_ \/ _` | \ \ \ \
 \\/  ___)| |_)| | | | | || (_| |  ) ) ) )
  '  |____| .__|_| |_|_| |_\__, | / / / /
 =========|_|==============|___/=/_/_/_/
 :: Spring Boot ::                (v3.2.5)

2026-03-28T11:28:00.090-03:00  INFO 74405 --- [cqrs-poc] [           main] com.poc.cqrs.CqrsIntegrationTest         : Starting CqrsIntegrationTest using Java 21.0.8 with PID 74405 (started by lucasdamaceno in /Users/lucasdamaceno/Documents/pocs/architecture/cqrs-spring-boot)
2026-03-28T11:28:00.090-03:00  INFO 74405 --- [cqrs-poc] [           main] com.poc.cqrs.CqrsIntegrationTest         : No active profile set, falling back to 1 default profile: "default"
2026-03-28T11:28:00.289-03:00  INFO 74405 --- [cqrs-poc] [           main] .s.d.r.c.RepositoryConfigurationDelegate : Bootstrapping Spring Data JPA repositories in DEFAULT mode.
2026-03-28T11:28:00.308-03:00  INFO 74405 --- [cqrs-poc] [           main] .s.d.r.c.RepositoryConfigurationDelegate : Finished Spring Data repository scanning in 16 ms. Found 2 JPA repository interfaces.
2026-03-28T11:28:00.461-03:00  INFO 74405 --- [cqrs-poc] [           main] o.hibernate.jpa.internal.util.LogHelper  : HHH000204: Processing PersistenceUnitInfo [name: default]
2026-03-28T11:28:00.481-03:00  INFO 74405 --- [cqrs-poc] [           main] org.hibernate.Version                    : HHH000412: Hibernate ORM core version 6.4.4.Final
2026-03-28T11:28:00.493-03:00  INFO 74405 --- [cqrs-poc] [           main] o.h.c.internal.RegionFactoryInitiator    : HHH000026: Second-level cache disabled
2026-03-28T11:28:00.571-03:00  INFO 74405 --- [cqrs-poc] [           main] o.s.o.j.p.SpringPersistenceUnitInfo      : No LoadTimeWeaver setup: ignoring JPA class transformer
2026-03-28T11:28:00.580-03:00  INFO 74405 --- [cqrs-poc] [           main] com.zaxxer.hikari.HikariDataSource       : HikariPool-1 - Starting...
2026-03-28T11:28:00.641-03:00  INFO 74405 --- [cqrs-poc] [           main] com.zaxxer.hikari.pool.HikariPool        : HikariPool-1 - Added connection conn0: url=jdbc:h2:mem:cqrsdb user=SA
2026-03-28T11:28:00.642-03:00  INFO 74405 --- [cqrs-poc] [           main] com.zaxxer.hikari.HikariDataSource       : HikariPool-1 - Start completed.
2026-03-28T11:28:00.913-03:00  INFO 74405 --- [cqrs-poc] [           main] o.h.e.t.j.p.i.JtaPlatformInitiator       : HHH000489: No JTA platform available (set 'hibernate.transaction.jta.platform' to enable JTA platform integration)
Hibernate: 
    drop table if exists products_read cascade 
Hibernate: 
    drop table if exists products_write cascade 
Hibernate: 
    create table products_read (
        available boolean not null,
        price numeric(38,2) not null,
        quantity integer not null,
        id uuid not null,
        description varchar(255),
        name varchar(255) not null,
        price_range varchar(255) not null,
        primary key (id)
    )
Hibernate: 
    create table products_write (
        price numeric(38,2) not null,
        quantity integer not null,
        created_at timestamp(6) with time zone not null,
        updated_at timestamp(6) with time zone not null,
        id uuid not null,
        description varchar(255),
        name varchar(255) not null,
        primary key (id)
    )
2026-03-28T11:28:00.923-03:00  INFO 74405 --- [cqrs-poc] [           main] j.LocalContainerEntityManagerFactoryBean : Initialized JPA EntityManagerFactory for persistence unit 'default'
2026-03-28T11:28:01.097-03:00  WARN 74405 --- [cqrs-poc] [           main] JpaBaseConfiguration$JpaWebConfiguration : spring.jpa.open-in-view is enabled by default. Therefore, database queries may be performed during view rendering. Explicitly configure spring.jpa.open-in-view to disable this warning
2026-03-28T11:28:01.198-03:00  INFO 74405 --- [cqrs-poc] [           main] o.s.b.a.h2.H2ConsoleAutoConfiguration    : H2 console available at '/h2-console'. Database available at 'jdbc:h2:mem:cqrsdb'
2026-03-28T11:28:01.216-03:00  INFO 74405 --- [cqrs-poc] [           main] com.poc.cqrs.CqrsIntegrationTest         : Started CqrsIntegrationTest in 1.213 seconds (process running for 1.488)
Hibernate: 
    select
        p1_0.id,
        p1_0.created_at,
        p1_0.description,
        p1_0.name,
        p1_0.price,
        p1_0.quantity,
        p1_0.updated_at 
    from
        products_write p1_0 
    where
        p1_0.id=?
2026-03-28T11:28:01.515-03:00  INFO 74405 --- [cqrs-poc] [           main] c.p.c.q.projection.ProductProjection     : Projecting ProductCreated: afaf740d-2d44-4ea3-97fd-33283de7f6b4
Hibernate: 
    select
        pv1_0.id,
        pv1_0.available,
        pv1_0.description,
        pv1_0.name,
        pv1_0.price,
        pv1_0.price_range,
        pv1_0.quantity 
    from
        products_read pv1_0 
    where
        pv1_0.id=?
Hibernate: 
    insert 
    into
        products_write
        (created_at, description, name, price, quantity, updated_at, id) 
    values
        (?, ?, ?, ?, ?, ?, ?)
Hibernate: 
    insert 
    into
        products_read
        (available, description, name, price, price_range, quantity, id) 
    values
        (?, ?, ?, ?, ?, ?, ?)
Hibernate: 
    select
        p1_0.id,
        p1_0.created_at,
        p1_0.description,
        p1_0.name,
        p1_0.price,
        p1_0.quantity,
        p1_0.updated_at 
    from
        products_write p1_0 
    where
        p1_0.id=?
2026-03-28T11:28:01.526-03:00  INFO 74405 --- [cqrs-poc] [           main] c.p.c.q.projection.ProductProjection     : Projecting ProductUpdated: afaf740d-2d44-4ea3-97fd-33283de7f6b4
Hibernate: 
    select
        pv1_0.id,
        pv1_0.available,
        pv1_0.description,
        pv1_0.name,
        pv1_0.price,
        pv1_0.price_range,
        pv1_0.quantity 
    from
        products_read pv1_0 
    where
        pv1_0.id=?
Hibernate: 
    update
        products_write 
    set
        description=?,
        name=?,
        price=?,
        quantity=?,
        updated_at=? 
    where
        id=?
Hibernate: 
    update
        products_read 
    set
        available=?,
        description=?,
        name=?,
        price=?,
        price_range=?,
        quantity=? 
    where
        id=?
Hibernate: 
    select
        pv1_0.id,
        pv1_0.available,
        pv1_0.description,
        pv1_0.name,
        pv1_0.price,
        pv1_0.price_range,
        pv1_0.quantity 
    from
        products_read pv1_0 
    where
        pv1_0.id=?
]]></system-out>
    <system-err><![CDATA[WARNING: A Java agent has been loaded dynamically (/Users/lucasdamaceno/.m2/repository/net/bytebuddy/byte-buddy-agent/1.14.13/byte-buddy-agent-1.14.13.jar)
WARNING: If a serviceability tool is in use, please run with -XX:+EnableDynamicAgentLoading to hide this warning
WARNING: If a serviceability tool is not in use, please run with -Djdk.instrument.traceUsage for more information
WARNING: Dynamic loading of agents will be disallowed by default in a future release
]]></system-err>
  </testcase>
  <testcase name="deleteCommand_shouldRemoveFromReadModel" classname="com.poc.cqrs.CqrsIntegrationTest" time="0.122">
    <system-out><![CDATA[Hibernate: 
    select
        p1_0.id,
        p1_0.created_at,
        p1_0.description,
        p1_0.name,
        p1_0.price,
        p1_0.quantity,
        p1_0.updated_at 
    from
        products_write p1_0 
    where
        p1_0.id=?
2026-03-28T11:28:01.537-03:00  INFO 74405 --- [cqrs-poc] [           main] c.p.c.q.projection.ProductProjection     : Projecting ProductCreated: 03342800-7202-4d38-a561-6be0f9dd1ed2
Hibernate: 
    select
        pv1_0.id,
        pv1_0.available,
        pv1_0.description,
        pv1_0.name,
        pv1_0.price,
        pv1_0.price_range,
        pv1_0.quantity 
    from
        products_read pv1_0 
    where
        pv1_0.id=?
Hibernate: 
    insert 
    into
        products_write
        (created_at, description, name, price, quantity, updated_at, id) 
    values
        (?, ?, ?, ?, ?, ?, ?)
Hibernate: 
    insert 
    into
        products_read
        (available, description, name, price, price_range, quantity, id) 
    values
        (?, ?, ?, ?, ?, ?, ?)
Hibernate: 
    select
        pv1_0.id,
        pv1_0.available,
        pv1_0.description,
        pv1_0.name,
        pv1_0.price,
        pv1_0.price_range,
        pv1_0.quantity 
    from
        products_read pv1_0 
    where
        pv1_0.id=?
Hibernate: 
    select
        count(*) 
    from
        products_write p1_0 
    where
        p1_0.id=?
Hibernate: 
    select
        p1_0.id,
        p1_0.created_at,
        p1_0.description,
        p1_0.name,
        p1_0.price,
        p1_0.quantity,
        p1_0.updated_at 
    from
        products_write p1_0 
    where
        p1_0.id=?
2026-03-28T11:28:01.654-03:00  INFO 74405 --- [cqrs-poc] [           main] c.p.c.q.projection.ProductProjection     : Projecting ProductDeleted: 03342800-7202-4d38-a561-6be0f9dd1ed2
Hibernate: 
    select
        pv1_0.id,
        pv1_0.available,
        pv1_0.description,
        pv1_0.name,
        pv1_0.price,
        pv1_0.price_range,
        pv1_0.quantity 
    from
        products_read pv1_0 
    where
        pv1_0.id=?
Hibernate: 
    delete 
    from
        products_write 
    where
        id=?
Hibernate: 
    delete 
    from
        products_read 
    where
        id=?
Hibernate: 
    select
        pv1_0.id,
        pv1_0.available,
        pv1_0.description,
        pv1_0.name,
        pv1_0.price,
        pv1_0.price_range,
        pv1_0.quantity 
    from
        products_read pv1_0 
    where
        pv1_0.id=?
]]></system-out>
  </testcase>
  <testcase name="search_shouldFindByPartialName" classname="com.poc.cqrs.CqrsIntegrationTest" time="0.013">
    <system-out><![CDATA[Hibernate: 
    select
        p1_0.id,
        p1_0.created_at,
        p1_0.description,
        p1_0.name,
        p1_0.price,
        p1_0.quantity,
        p1_0.updated_at 
    from
        products_write p1_0 
    where
        p1_0.id=?
2026-03-28T11:28:01.660-03:00  INFO 74405 --- [cqrs-poc] [           main] c.p.c.q.projection.ProductProjection     : Projecting ProductCreated: 933f2e33-5046-4e7a-974a-668a1338c028
Hibernate: 
    select
        pv1_0.id,
        pv1_0.available,
        pv1_0.description,
        pv1_0.name,
        pv1_0.price,
        pv1_0.price_range,
        pv1_0.quantity 
    from
        products_read pv1_0 
    where
        pv1_0.id=?
Hibernate: 
    insert 
    into
        products_write
        (created_at, description, name, price, quantity, updated_at, id) 
    values
        (?, ?, ?, ?, ?, ?, ?)
Hibernate: 
    insert 
    into
        products_read
        (available, description, name, price, price_range, quantity, id) 
    values
        (?, ?, ?, ?, ?, ?, ?)
Hibernate: 
    select
        pv1_0.id,
        pv1_0.available,
        pv1_0.description,
        pv1_0.name,
        pv1_0.price,
        pv1_0.price_range,
        pv1_0.quantity 
    from
        products_read pv1_0 
    where
        upper(pv1_0.name) like upper(?) escape '\'
]]></system-out>
  </testcase>
  <testcase name="queryByPriceRange_shouldReturnFilteredResults" classname="com.poc.cqrs.CqrsIntegrationTest" time="0.009">
    <system-out><![CDATA[Hibernate: 
    select
        p1_0.id,
        p1_0.created_at,
        p1_0.description,
        p1_0.name,
        p1_0.price,
        p1_0.quantity,
        p1_0.updated_at 
    from
        products_write p1_0 
    where
        p1_0.id=?
2026-03-28T11:28:01.674-03:00  INFO 74405 --- [cqrs-poc] [           main] c.p.c.q.projection.ProductProjection     : Projecting ProductCreated: fbed1045-5810-4fed-af49-1a280b75d575
Hibernate: 
    select
        pv1_0.id,
        pv1_0.available,
        pv1_0.description,
        pv1_0.name,
        pv1_0.price,
        pv1_0.price_range,
        pv1_0.quantity 
    from
        products_read pv1_0 
    where
        pv1_0.id=?
Hibernate: 
    insert 
    into
        products_write
        (created_at, description, name, price, quantity, updated_at, id) 
    values
        (?, ?, ?, ?, ?, ?, ?)
Hibernate: 
    insert 
    into
        products_read
        (available, description, name, price, price_range, quantity, id) 
    values
        (?, ?, ?, ?, ?, ?, ?)
Hibernate: 
    select
        p1_0.id,
        p1_0.created_at,
        p1_0.description,
        p1_0.name,
        p1_0.price,
        p1_0.quantity,
        p1_0.updated_at 
    from
        products_write p1_0 
    where
        p1_0.id=?
2026-03-28T11:28:01.676-03:00  INFO 74405 --- [cqrs-poc] [           main] c.p.c.q.projection.ProductProjection     : Projecting ProductCreated: 943ebc7d-9f07-4bba-8ca3-01eddb257428
Hibernate: 
    select
        pv1_0.id,
        pv1_0.available,
        pv1_0.description,
        pv1_0.name,
        pv1_0.price,
        pv1_0.price_range,
        pv1_0.quantity 
    from
        products_read pv1_0 
    where
        pv1_0.id=?
Hibernate: 
    insert 
    into
        products_write
        (created_at, description, name, price, quantity, updated_at, id) 
    values
        (?, ?, ?, ?, ?, ?, ?)
Hibernate: 
    insert 
    into
        products_read
        (available, description, name, price, price_range, quantity, id) 
    values
        (?, ?, ?, ?, ?, ?, ?)
Hibernate: 
    select
        pv1_0.id,
        pv1_0.available,
        pv1_0.description,
        pv1_0.name,
        pv1_0.price,
        pv1_0.price_range,
        pv1_0.quantity 
    from
        products_read pv1_0 
    where
        pv1_0.price_range=?
Hibernate: 
    select
        pv1_0.id,
        pv1_0.available,
        pv1_0.description,
        pv1_0.name,
        pv1_0.price,
        pv1_0.price_range,
        pv1_0.quantity 
    from
        products_read pv1_0 
    where
        pv1_0.price_range=?
]]></system-out>
  </testcase>
  <testcase name="createCommand_shouldProjectToReadModel" classname="com.poc.cqrs.CqrsIntegrationTest" time="0.003">
    <system-out><![CDATA[Hibernate: 
    select
        p1_0.id,
        p1_0.created_at,
        p1_0.description,
        p1_0.name,
        p1_0.price,
        p1_0.quantity,
        p1_0.updated_at 
    from
        products_write p1_0 
    where
        p1_0.id=?
2026-03-28T11:28:01.684-03:00  INFO 74405 --- [cqrs-poc] [           main] c.p.c.q.projection.ProductProjection     : Projecting ProductCreated: 10d83f92-b314-4621-b7df-32c64b5aaebd
Hibernate: 
    select
        pv1_0.id,
        pv1_0.available,
        pv1_0.description,
        pv1_0.name,
        pv1_0.price,
        pv1_0.price_range,
        pv1_0.quantity 
    from
        products_read pv1_0 
    where
        pv1_0.id=?
Hibernate: 
    insert 
    into
        products_write
        (created_at, description, name, price, quantity, updated_at, id) 
    values
        (?, ?, ?, ?, ?, ?, ?)
Hibernate: 
    insert 
    into
        products_read
        (available, description, name, price, price_range, quantity, id) 
    values
        (?, ?, ?, ?, ?, ?, ?)
Hibernate: 
    select
        pv1_0.id,
        pv1_0.available,
        pv1_0.description,
        pv1_0.name,
        pv1_0.price,
        pv1_0.price_range,
        pv1_0.quantity 
    from
        products_read pv1_0 
    where
        pv1_0.id=?
]]></system-out>
  </testcase>
</testsuite>